c:\aimhighergoal\server\release\vc140.pdb
c:\aimhighergoal\server\release\socket.obj
c:\aimhighergoal\server\release\server.obj
c:\aimhighergoal\server\release\curlwrapper.obj
c:\aimhighergoal\server\release\clientcontroller.obj
c:\aimhighergoal\server\release\client.obj
c:\aimhighergoal\server\release\main.obj
c:\aimhighergoal\server\release\json11.obj
c:\aimhighergoal\server\release\extensionmutex.obj
c:\aimhighergoal\server\release\data.obj
c:\aimhighergoal\server\release\opensslrsa.obj
c:\aimhighergoal\server\release\openssldh.obj
c:\aimhighergoal\server\release\opensslaes.obj
c:\aimhighergoal\server\release\cipher.obj
c:\aimhighergoal\server\release\ソケット.exe
c:\aimhighergoal\server\release\ソケット.pdb
c:\aimhighergoal\server\release\ソケット.ipdb
c:\aimhighergoal\server\release\ソケット.iobj
c:\aimhighergoal\server\release\ソケット.tlog\cl.command.1.tlog
c:\aimhighergoal\server\release\ソケット.tlog\cl.read.1.tlog
c:\aimhighergoal\server\release\ソケット.tlog\cl.write.1.tlog
c:\aimhighergoal\server\release\ソケット.tlog\link.command.1.tlog
c:\aimhighergoal\server\release\ソケット.tlog\link.read.1.tlog
c:\aimhighergoal\server\release\ソケット.tlog\link.write.1.tlog
