  Cipher.cpp
c:\aimhighergoal\server\src\library\cipher\../../Include.h(36): warning C4067: プリプロセッサ ディレクティブの後に余分な文字がありました - 改行が必要です
  OpenSSLAES.cpp
c:\aimhighergoal\server\src\library\cipher\../../Include.h(36): warning C4067: プリプロセッサ ディレクティブの後に余分な文字がありました - 改行が必要です
  OpenSSLDH.cpp
c:\aimhighergoal\server\src\library\cipher\../../Include.h(36): warning C4067: プリプロセッサ ディレクティブの後に余分な文字がありました - 改行が必要です
  OpenSSLRSA.cpp
c:\aimhighergoal\server\src\library\cipher\../../Include.h(36): warning C4067: プリプロセッサ ディレクティブの後に余分な文字がありました - 改行が必要です
  Data.cpp
c:\aimhighergoal\server\src\library\../Include.h(36): warning C4067: プリプロセッサ ディレクティブの後に余分な文字がありました - 改行が必要です
  ExtensionMutex.cpp
c:\aimhighergoal\server\src\library\../Include.h(36): warning C4067: プリプロセッサ ディレクティブの後に余分な文字がありました - 改行が必要です
  json11.cpp
  main.cpp
c:\aimhighergoal\server\src\Include.h(36): warning C4067: プリプロセッサ ディレクティブの後に余分な文字がありました - 改行が必要です
  Client.cpp
c:\aimhighergoal\server\src\server\../Include.h(36): warning C4067: プリプロセッサ ディレクティブの後に余分な文字がありました - 改行が必要です
src\Server\Client.cpp(149): warning C4018: '<=': signed と unsigned の数値を比較しようとしました。
src\Server\Client.cpp(175): warning C4018: '<=': signed と unsigned の数値を比較しようとしました。
  ClientController.cpp
c:\aimhighergoal\server\src\server\../Include.h(36): warning C4067: プリプロセッサ ディレクティブの後に余分な文字がありました - 改行が必要です
  CurlWrapper.cpp
c:\aimhighergoal\server\src\server\../Include.h(36): warning C4067: プリプロセッサ ディレクティブの後に余分な文字がありました - 改行が必要です
src\Server\CurlWrapper.cpp(36): warning C4101: 'recvdata': ローカル変数は 1 度も使われていません。
  Server.cpp
c:\aimhighergoal\server\src\server\../Include.h(36): warning C4067: プリプロセッサ ディレクティブの後に余分な文字がありました - 改行が必要です
src\Server\Server.cpp(24): warning C4244: '引数': 'time_t' から 'unsigned int' への変換です。データが失われる可能性があります。
  Socket.cpp
c:\aimhighergoal\server\src\server\../Include.h(36): warning C4067: プリプロセッサ ディレクティブの後に余分な文字がありました - 改行が必要です
  コード生成しています。
c:\aimhighergoal\server\src\server\client.cpp(168): warning C4715: 'Client::ExchangeKey': 値を返さないコントロール パスがあります。
  All 1625 functions were compiled because no usable IPDB/IOBJ from previous compilation was found.
  コード生成が終了しました。
  ソケット.vcxproj -> C:\AimHigherGoal\Server\Release\ソケット.exe
  ソケット.vcxproj -> C:\AimHigherGoal\Server\Release\ソケット.pdb (Full PDB)
