  Enemy.cpp
src\Game\Enemy\Enemy.cpp(78): warning C4305: '=': 'double' から 'float' へ切り詰めます。
src\Game\Enemy\Enemy.cpp(242): warning C4305: '-=': 'double' から 'float' へ切り詰めます。
src\Game\Enemy\Enemy.cpp(297): warning C4305: '+=': 'double' から 'float' へ切り詰めます。
src\Game\Enemy\Enemy.cpp(361): warning C4305: '-=': 'double' から 'float' へ切り詰めます。
  GameMain.cpp
c:\aimhighergoal\game\src\game\Player/Player.h(55): warning C4305: '初期化中': 'double' から 'float' へ切り詰めます。
  Ground.cpp
src\Game\Ground.cpp(11): warning C4244: '引数': 'const int' から 'float' への変換です。データが失われる可能性があります。
  Player.cpp
c:\aimhighergoal\game\src\game\player\Player.h(55): warning C4305: '初期化中': 'double' から 'float' へ切り詰めます。
src\Game\Player\Player.cpp(94): warning C4305: '=': 'double' から 'float' へ切り詰めます。
src\Game\Player\Player.cpp(202): warning C4305: '-=': 'double' から 'float' へ切り詰めます。
src\Game\Player\Player.cpp(285): warning C4305: '+=': 'double' から 'float' へ切り詰めます。
  Client.cpp
src\Library\Client\Client.cpp(286): warning C4244: '=': 'int' から 'float' への変換です。データが失われる可能性があります。
src\Library\Client\Client.cpp(287): warning C4244: '引数': 'float' から 'int' への変換です。データが失われる可能性があります。
  Data.cpp
  ToonShader.cpp
  SceneBase.cpp
  SceneControl.cpp
c:\aimhighergoal\game\src\scene\../Game/Player/Player.h(55): warning C4305: '初期化中': 'double' から 'float' へ切り詰めます。
  TitleMain.cpp
  main.cpp
  コード生成しています。
  20 of 2521 functions ( 0.8%) were compiled, the rest were copied from previous compilation.
    2 functions were new in current compilation
    14 functions had inline decision re-evaluated but remain unchanged
  コード生成が終了しました。
  LPB.vcxproj -> C:\AimHigherGoal\Game\Release\LPB.exe
  LPB.vcxproj -> C:\AimHigherGoal\Game\Release\LPB.pdb (Full PDB)
