c:\aimhightergoals\game\release\vc140.pdb
c:\aimhightergoals\game\release\cquat.obj
c:\aimhightergoals\game\release\cmesh.obj
c:\aimhightergoals\game\release\cmatrix.obj
c:\aimhightergoals\game\release\cdirectxgraphics.obj
c:\aimhightergoals\game\release\toonshader.obj
c:\aimhightergoals\game\release\mouse.obj
c:\aimhightergoals\game\release\imagesprite.obj
c:\aimhightergoals\game\release\d3d.obj
c:\aimhightergoals\game\release\socket.obj
c:\aimhightergoals\game\release\extensionmutex.obj
c:\aimhightergoals\game\release\data.obj
c:\aimhightergoals\game\release\client.obj
c:\aimhightergoals\game\release\opensslaes.obj
c:\aimhightergoals\game\release\cipher.obj
c:\aimhightergoals\game\release\characterbase.obj
c:\aimhightergoals\game\release\camera.obj
c:\aimhightergoals\game\release\player.obj
c:\aimhightergoals\game\release\ground.obj
c:\aimhightergoals\game\release\gamemain.obj
c:\aimhightergoals\game\release\enemy.obj
c:\aimhightergoals\game\release\titlemain.obj
c:\aimhightergoals\game\release\scenecontrol.obj
c:\aimhightergoals\game\release\scenebase.obj
c:\aimhightergoals\game\release\main.obj
c:\aimhightergoals\game\release\xfile.obj
c:\aimhightergoals\game\release\checkmesh.obj
c:\aimhightergoals\game\release\vertex.obj
c:\aimhightergoals\game\release\skinmeshloader.obj
c:\aimhightergoals\game\release\keyframeanimation.obj
c:\aimhightergoals\game\release\cskinmesh.obj
c:\aimhightergoals\game\release\cbonecontroller.obj
c:\aimhightergoals\game\release\helper.obj
c:\aimhightergoals\game\release\cvector3.obj
c:\aimhightergoals\game\release\ctexture.obj
c:\aimhightergoals\game\release\csurface.obj
c:\aimhighergoal\game\release\vc140.pdb
c:\aimhighergoal\game\release\cmesh.obj
c:\aimhighergoal\game\release\cmatrix.obj
c:\aimhighergoal\game\release\cdirectxgraphics.obj
c:\aimhighergoal\game\release\toonshader.obj
c:\aimhighergoal\game\release\mouse.obj
c:\aimhighergoal\game\release\imagesprite.obj
c:\aimhighergoal\game\release\d3d.obj
c:\aimhighergoal\game\release\socket.obj
c:\aimhighergoal\game\release\extensionmutex.obj
c:\aimhighergoal\game\release\data.obj
c:\aimhighergoal\game\release\client.obj
c:\aimhighergoal\game\release\opensslrsa.obj
c:\aimhighergoal\game\release\opensslaes.obj
c:\aimhighergoal\game\release\cipher.obj
c:\aimhighergoal\game\release\characterbase.obj
c:\aimhighergoal\game\release\camera.obj
c:\aimhighergoal\game\release\player.obj
c:\aimhighergoal\game\release\ground.obj
c:\aimhighergoal\game\release\gamemain.obj
c:\aimhighergoal\game\release\enemy.obj
c:\aimhighergoal\game\release\titlemain.obj
c:\aimhighergoal\game\release\scenecontrol.obj
c:\aimhighergoal\game\release\scenebase.obj
c:\aimhighergoal\game\release\main.obj
c:\aimhighergoal\game\release\xfile.obj
c:\aimhighergoal\game\release\checkmesh.obj
c:\aimhighergoal\game\release\vertex.obj
c:\aimhighergoal\game\release\skinmeshloader.obj
c:\aimhighergoal\game\release\keyframeanimation.obj
c:\aimhighergoal\game\release\cskinmesh.obj
c:\aimhighergoal\game\release\cbonecontroller.obj
c:\aimhighergoal\game\release\helper.obj
c:\aimhighergoal\game\release\cvector3.obj
c:\aimhighergoal\game\release\ctexture.obj
c:\aimhighergoal\game\release\csurface.obj
c:\aimhighergoal\game\release\cquat.obj
c:\aimhighergoal\game\release\imgui_widgets.obj
c:\aimhighergoal\game\release\imgui_draw.obj
c:\aimhighergoal\game\release\imgui_demo.obj
c:\aimhighergoal\game\release\imguiwrapper.obj
c:\aimhighergoal\game\release\imgui.obj
c:\aimhighergoal\game\release\imgui_impl_win32.obj
c:\aimhighergoal\game\release\imgui_impl_dx9.obj
c:\aimhighergoal\game\release\visualcwrapper.obj
c:\aimhighergoal\game\shader\toonshader.cso
c:\aimhightergoals\game\release\lpb.exe
c:\aimhightergoals\game\release\lpb.ipdb
c:\aimhightergoals\game\release\lpb.iobj
c:\aimhightergoals\game\release\lpb.pdb
c:\aimhighergoal\game\release\lpb.exe
c:\aimhighergoal\game\release\lpb.ipdb
c:\aimhighergoal\game\release\lpb.iobj
c:\aimhighergoal\game\release\lpb.pdb
c:\aimhighergoal\game\release\lpb.tlog\cl.command.1.tlog
c:\aimhighergoal\game\release\lpb.tlog\cl.read.1.tlog
c:\aimhighergoal\game\release\lpb.tlog\cl.write.1.tlog
c:\aimhighergoal\game\release\lpb.tlog\fxc.command.1.tlog
c:\aimhighergoal\game\release\lpb.tlog\fxc.read.1.tlog
c:\aimhighergoal\game\release\lpb.tlog\fxc.write.1.tlog
c:\aimhighergoal\game\release\lpb.tlog\link.command.1.tlog
c:\aimhighergoal\game\release\lpb.tlog\link.read.1.tlog
c:\aimhighergoal\game\release\lpb.tlog\link.write.1.tlog
c:\aimhighergoal\game\release\lpb.tlog\lpb.write.1u.tlog
