c:\users\akiya\desktop\loadbalancer\loadbalancer\debug\vc141.pdb
c:\users\akiya\desktop\loadbalancer\loadbalancer\debug\vc141.idb
c:\users\akiya\desktop\loadbalancer\loadbalancer\debug\main.obj
c:\users\akiya\desktop\loadbalancer\loadbalancer\debug\loadbalancer.obj
c:\aimhighergoal\loadbalancer\loadbalancer\debug\vc141.pdb
c:\aimhighergoal\loadbalancer\loadbalancer\debug\vc141.idb
c:\aimhighergoal\loadbalancer\loadbalancer\debug\main.obj
c:\aimhighergoal\loadbalancer\loadbalancer\debug\loadbalancer.obj
c:\aimhighergoal\loadbalancer\loadbalancer\debug\process.obj
c:\aimhighergoal\loadbalancer\loadbalancer\debug\namedpipe.obj
c:\aimhighergoal\loadbalancer\loadbalancer\debug\extensionmutex.obj
c:\users\akiya\desktop\loadbalancer\debug\loadbalancer.exe
c:\users\akiya\desktop\loadbalancer\debug\loadbalancer.ilk
c:\users\akiya\desktop\loadbalancer\debug\loadbalancer.pdb
c:\aimhighergoal\loadbalancer\debug\loadbalancer.exe
c:\aimhighergoal\loadbalancer\debug\loadbalancer.ilk
c:\aimhighergoal\loadbalancer\debug\loadbalancer.pdb
c:\aimhighergoal\loadbalancer\loadbalancer\debug\loadbalancer.tlog\cl.command.1.tlog
c:\aimhighergoal\loadbalancer\loadbalancer\debug\loadbalancer.tlog\cl.read.1.tlog
c:\aimhighergoal\loadbalancer\loadbalancer\debug\loadbalancer.tlog\cl.write.1.tlog
c:\aimhighergoal\loadbalancer\loadbalancer\debug\loadbalancer.tlog\link.command.1.tlog
c:\aimhighergoal\loadbalancer\loadbalancer\debug\loadbalancer.tlog\link.read.1.tlog
c:\aimhighergoal\loadbalancer\loadbalancer\debug\loadbalancer.tlog\link.write.1.tlog
