  Client.cpp
c:\aimhighergoal\game\src\library\client\client.cpp(286): warning C4244: '=': 'int' から 'float' への変換です。データが失われる可能性があります。
c:\aimhighergoal\game\src\library\client\client.cpp(287): warning C4244: '引数': 'float' から 'int' への変換です。データが失われる可能性があります。
  Player.cpp
c:\aimhighergoal\game\src\game\player\player.h(55): warning C4305: '初期化中': 'double' から 'float' へ切り詰めます。
c:\aimhighergoal\game\src\game\player\player.cpp(94): warning C4305: '=': 'double' から 'float' へ切り詰めます。
c:\aimhighergoal\game\src\game\player\player.cpp(202): warning C4305: '-=': 'double' から 'float' へ切り詰めます。
c:\aimhighergoal\game\src\game\player\player.cpp(285): warning C4305: '+=': 'double' から 'float' へ切り詰めます。
  コードを生成中...
c:\aimhighergoal\game\src\game\player\player.cpp(353): warning C4172: ローカル変数またはテンポラリのアドレスを返します: returnmat
c:\aimhighergoal\game\src\game\player\player.cpp(364): warning C4172: ローカル変数またはテンポラリのアドレスを返します: vec
  コンパイル中...
  main.cpp
  TitleMain.cpp
  SceneControl.cpp
c:\aimhighergoal\game\src\game\player\player.h(55): warning C4305: '初期化中': 'double' から 'float' へ切り詰めます。
  SceneBase.cpp
  ToonShader.cpp
  Ground.cpp
c:\aimhighergoal\game\src\game\ground.cpp(11): warning C4244: '引数': 'const int' から 'float' への変換です。データが失われる可能性があります。
  GameMain.cpp
c:\aimhighergoal\game\src\game\player\player.h(55): warning C4305: '初期化中': 'double' から 'float' へ切り詰めます。
  Enemy.cpp
c:\aimhighergoal\game\src\game\enemy\enemy.cpp(78): warning C4305: '=': 'double' から 'float' へ切り詰めます。
c:\aimhighergoal\game\src\game\enemy\enemy.cpp(242): warning C4305: '-=': 'double' から 'float' へ切り詰めます。
c:\aimhighergoal\game\src\game\enemy\enemy.cpp(297): warning C4305: '+=': 'double' から 'float' へ切り詰めます。
c:\aimhighergoal\game\src\game\enemy\enemy.cpp(361): warning C4305: '-=': 'double' から 'float' へ切り詰めます。
  コードを生成中...
c:\aimhighergoal\game\src\game\enemy\enemy.cpp(384): warning C4172: ローカル変数またはテンポラリのアドレスを返します: returnmat
  スキップ中... (関連する変更は検出されませんでした)
  OpenSSLRSA.cpp
  LPB.vcxproj -> C:\AimHigherGoal\Game\Debug\LPB.exe
  LPB.vcxproj -> C:\AimHigherGoal\Game\Debug\LPB.pdb (Full PDB)
