c:\aimhightergoals\game\debug\vc140.pdb
c:\aimhightergoals\game\debug\vc140.idb
c:\aimhightergoals\game\debug\toonshader.obj
c:\aimhightergoals\game\debug\cdirectxgraphics.obj
c:\aimhightergoals\game\debug\cmatrix.obj
c:\aimhightergoals\game\debug\cmesh.obj
c:\aimhightergoals\game\debug\cquat.obj
c:\aimhightergoals\game\debug\csurface.obj
c:\aimhightergoals\game\debug\ctexture.obj
c:\aimhightergoals\game\debug\cvector3.obj
c:\aimhightergoals\game\debug\helper.obj
c:\aimhightergoals\game\debug\cbonecontroller.obj
c:\aimhightergoals\game\debug\cskinmesh.obj
c:\aimhightergoals\game\debug\keyframeanimation.obj
c:\aimhightergoals\game\debug\skinmeshloader.obj
c:\aimhightergoals\game\debug\vertex.obj
c:\aimhightergoals\game\debug\checkmesh.obj
c:\aimhightergoals\game\debug\xfile.obj
c:\aimhightergoals\game\debug\main.obj
c:\aimhightergoals\game\debug\scenebase.obj
c:\aimhightergoals\game\debug\scenecontrol.obj
c:\aimhightergoals\game\debug\titlemain.obj
c:\aimhightergoals\game\debug\enemy.obj
c:\aimhightergoals\game\debug\gamemain.obj
c:\aimhightergoals\game\debug\ground.obj
c:\aimhightergoals\game\debug\player.obj
c:\aimhightergoals\game\debug\camera.obj
c:\aimhightergoals\game\debug\characterbase.obj
c:\aimhightergoals\game\debug\cipher.obj
c:\aimhightergoals\game\debug\opensslaes.obj
c:\aimhightergoals\game\debug\client.obj
c:\aimhightergoals\game\debug\data.obj
c:\aimhightergoals\game\debug\extensionmutex.obj
c:\aimhightergoals\game\debug\socket.obj
c:\aimhightergoals\game\debug\d3d.obj
c:\aimhightergoals\game\debug\imagesprite.obj
c:\aimhightergoals\game\debug\mouse.obj
c:\aimhightergoals\game\shader\toonshader.cso
c:\aimhightergoals\game\debug\lpb.ilk
c:\aimhightergoals\game\debug\lpb.exe
c:\aimhightergoals\game\debug\lpb.pdb
c:\aimhightergoals\game\debug\lpb.tlog\cl.command.1.tlog
c:\aimhightergoals\game\debug\lpb.tlog\cl.read.1.tlog
c:\aimhightergoals\game\debug\lpb.tlog\cl.write.1.tlog
c:\aimhightergoals\game\debug\lpb.tlog\fxc.command.1.tlog
c:\aimhightergoals\game\debug\lpb.tlog\fxc.read.1.tlog
c:\aimhightergoals\game\debug\lpb.tlog\fxc.write.1.tlog
c:\aimhightergoals\game\debug\lpb.tlog\link.command.1.tlog
c:\aimhightergoals\game\debug\lpb.tlog\link.read.1.tlog
c:\aimhightergoals\game\debug\lpb.tlog\link.write.1.tlog
c:\aimhightergoals\game\debug\lpb.tlog\lpb.write.1u.tlog
