c:\aimhightergoals\server\debug\vc140.pdb
c:\aimhightergoals\server\debug\vc140.idb
c:\aimhightergoals\server\debug\cipher.obj
c:\aimhightergoals\server\debug\opensslaes.obj
c:\aimhightergoals\server\debug\openssldh.obj
c:\aimhightergoals\server\debug\data.obj
c:\aimhightergoals\server\debug\extensionmutex.obj
c:\aimhightergoals\server\debug\main.obj
c:\aimhightergoals\server\debug\client.obj
c:\aimhightergoals\server\debug\clientcontroller.obj
c:\aimhightergoals\server\debug\curlwrapper.obj
c:\aimhightergoals\server\debug\server.obj
c:\aimhightergoals\server\debug\socket.obj
c:\aimhighergoal\server\debug\vc140.pdb
c:\aimhighergoal\server\debug\vc140.idb
c:\aimhighergoal\server\debug\cipher.obj
c:\aimhighergoal\server\debug\opensslaes.obj
c:\aimhighergoal\server\debug\openssldh.obj
c:\aimhighergoal\server\debug\data.obj
c:\aimhighergoal\server\debug\extensionmutex.obj
c:\aimhighergoal\server\debug\main.obj
c:\aimhighergoal\server\debug\client.obj
c:\aimhighergoal\server\debug\clientcontroller.obj
c:\aimhighergoal\server\debug\curlwrapper.obj
c:\aimhighergoal\server\debug\server.obj
c:\aimhighergoal\server\debug\socket.obj
c:\aimhighergoal\server\debug\opensslrsa.obj
c:\aimhightergoals\server\debug\ソケット.ilk
c:\aimhightergoals\server\debug\ソケット.exe
c:\aimhightergoals\server\debug\ソケット.pdb
c:\aimhighergoal\server\debug\ソケット.ilk
c:\aimhighergoal\server\debug\ソケット.exe
c:\aimhighergoal\server\debug\ソケット.pdb
c:\aimhighergoal\server\debug\ソケット.tlog\cl.command.1.tlog
c:\aimhighergoal\server\debug\ソケット.tlog\cl.read.1.tlog
c:\aimhighergoal\server\debug\ソケット.tlog\cl.write.1.tlog
c:\aimhighergoal\server\debug\ソケット.tlog\link.command.1.tlog
c:\aimhighergoal\server\debug\ソケット.tlog\link.read.1.tlog
c:\aimhighergoal\server\debug\ソケット.tlog\link.write.1.tlog
